[backblue.gif]
[fade.gif]
[index.html]
[silicon.ac.in/icit2014/jquery.tinyscrollbar.js]
[www.google-analytics.com/analytics.js]
[ajax.googleapis.com/ajax/libs/jquery/1.4.2/jquery.min1159.js]
[silicon.ac.in/icit2014/slidedeck.jquery.js]
[silicon.ac.in/icit2014/images/slide100.jpg]
[silicon.ac.in/icit2014/images/slide-2.jpg]
[silicon.ac.in/icit2014/images/slide-1.jpg]
[silicon.ac.in/icit2014/images/slide-3.jpg]
[silicon.ac.in/icit2014/images/slide-4.jpg]
[silicon.ac.in/sitbbsr/assets/img/new_icon_animated.gif]
[silicon.ac.in/icit2014/images/location.jpg]
[silicon.ac.in/icit2014/images/spon.jpg]
[jd.revolvermaps.com/2/2aa1e.js]
[silicon.ac.in/icit2014/index.html]
[silicon.ac.in/icit2014/images/logo2.jpg]
[silicon.ac.in/icit2014/images/search-bg.png]
[silicon.ac.in/icit2014/images/search-icon1.png]
[silicon.ac.in/icit2014/images/li-bg.png]
[silicon.ac.in/icit2014/images/bg-form.jpg]
[silicon.ac.in/icit2014/images/e-form-button.png]
[silicon.ac.in/icit2014/images/txt-area.png]
[silicon.ac.in/icit2014/images/form-button.png]
[silicon.ac.in/icit2014/images/button-3.png]
[silicon.ac.in/icit2014/images/news-letter-input.png]
[silicon.ac.in/icit2014/images/button-email.png]
[silicon.ac.in/icit2014/style.css]
[silicon.ac.in/icit2014/images/bg-scrollbar-thumb-y.png]
[silicon.ac.in/icit2014/tinyscrollbar.css]
[silicon.ac.in/icit2014/index-2.html]
[ajax.googleapis.com/ajax/libs/jquery/1.7.2/jquery.min.js]
[silicon.ac.in/icit2014/about.html]
[silicon.ac.in/icit2014/org.html]
[silicon.ac.in/icit2014/tiny.jpg]
[silicon.ac.in/icit2014/prog.html]
[silicon.ac.in/icit2014/cfp.html]
[silicon.ac.in/icit2014/submission.html]
[silicon.ac.in/icit2014/images/ratnesh.jpg]
[silicon.ac.in/icit2014/images/ashok.jpg]
[silicon.ac.in/icit2014/keynote.html]
[silicon.ac.in/icit2014/images/madhavi.jpg]
[silicon.ac.in/icit2014/images/oria.jpg]
[silicon.ac.in/icit2014/images/sylla.jpg]
[silicon.ac.in/icit2014/images/amitav.jpg]
[silicon.ac.in/icit2014/plenary.html]
[silicon.ac.in/icit2014/pdficon_small.gif]
[silicon.ac.in/icit2014/schedule.html]
[silicon.ac.in/icit2014/register.png]
[silicon.ac.in/icit2014/rr.png]
[silicon.ac.in/icit2014/regd.html]
[silicon.ac.in/icit2014/dates.html]
[silicon.ac.in/icit2014/route.html]
[silicon.ac.in/icit2014/visainfo.html]
[silicon.ac.in/icit2014/contacts.html]
[silicon.ac.in/icit2014/Hotel_Details(ICIT-2014).html]
[silicon.ac.in/icit2014/cp.html]
[silicon.ac.in/icit2014/localinfo.html]
[promo.parallels.com/js/promo.plesk.js]
[silicon.ac.in/icit2014/stats.html]
[silicon.ac.in/icit2014/ICIT2014_Accepted_Papers_List.html]
[silicon.ac.in/icit2014/ICIT2014_Technical_Program.html]
[silicon.ac.in/icit2014/regd/scripts/jquery-1.5.2.min.js]
[silicon.ac.in/icit2014/regd/scripts/scripts.js]
[silicon.ac.in/icit2014/regdonline.html]
[silicon.ac.in/icit2014/local/jagannath2.html]
[silicon.ac.in/icit2014/local/konark1.html]
[silicon.ac.in/icit2014/local/chilika.html]
[silicon.ac.in/icit2014/local/phurli.html]
[silicon.ac.in/icit2014/local/p2.html]
[silicon.ac.in/icit2014/regd/style/style.css]
